#
# A fatal error has been detected by the Java Runtime Environment:
#
#  SIGSEGV (0xb) at pc=0x00007f167b53ae32, pid=11845, tid=0x00007f167c9e1700
#
# JRE version: OpenJDK Runtime Environment (8.0_181-b13) (build 1.8.0_181-8u181-b13-0ubuntu0.16.04.1-b13)
# Java VM: OpenJDK 64-Bit Server VM (25.181-b13 mixed mode linux-amd64 compressed oops)
# Problematic frame:
# V  [libjvm.so+0x8b8e32]
#
# Failed to write core dump. Core dumps have been disabled. To enable core dumping, try "ulimit -c unlimited" before starting Java again
#
# If you would like to submit a bug report, please visit:
#   http://bugreport.java.com/bugreport/crash.jsp
#

---------------  T H R E A D  ---------------

Current thread is native thread

siginfo: si_signo: 11 (SIGSEGV), si_code: 1 (SEGV_MAPERR), si_addr: 0x0000000000000110

Registers:
RAX=0x0000000000000000, RBX=0x00007f167c9e1698, RCX=0x00007f167bbd498d, RDX=0x00007f167c9e1a20
RSP=0x00007fff2000ba70, RBP=0x00007fff2000bb30, RSI=0x00007fff2000bc70, RDI=0x0000000000000001
R8 =0x00000000000000ca, R9 =0x00007f167c9df9d0, R10=0x0000000000000000, R11=0x0000000000000246
R12=0x00007fff2000c200, R13=0x0000000000000000, R14=0x00007fff2000bc70, R15=0x00007fff2000bb40
RIP=0x00007f167b53ae32, EFLAGS=0x0000000000010246, CSGSFS=0x002b000000000033, ERR=0x0000000000000004
  TRAPNO=0x000000000000000e

Top of Stack: (sp=0x00007fff2000ba70)
0x00007fff2000ba70:   00007fff2000bab0 00007fff2000bab0
0x00007fff2000ba80:   00007fff2000bccb 00007f167c5c79a0
0x00007fff2000ba90:   00007fff2000bc40 00007fff2000bcf0
0x00007fff2000baa0:   0000000000000000 00007f167c39573b
0x00007fff2000bab0:   0000000000000000 00007fff2000c268
0x00007fff2000bac0:   0000000000000000 0000000000000000
0x00007fff2000bad0:   0000000000000000 00007fff2000bce0
0x00007fff2000bae0:   00007fff2000bd64 00007fff00000000
0x00007fff2000baf0:   00007fff2000bc10 265f5f6614b2a600
0x00007fff2000bb00:   0000000000000000 00007f167c9df700
0x00007fff2000bb10:   00007fff2000c200 0000000000000000
0x00007fff2000bb20:   00007f167c9e1700 00007f167c9dfd28
0x00007fff2000bb30:   00007fff2000c268 00007f167c23c4b0
0x00007fff2000bb40:   0000000000000007 0000000000000000
0x00007fff2000bb50:   0000000000000000 0000000000000002
0x00007fff2000bb60:   0000000000000000 00000000000000ca
0x00007fff2000bb70:   00007f167c9df9d0 0000000000000000
0x00007fff2000bb80:   0000000000000246 00007fff2000c200
0x00007fff2000bb90:   0000000000000000 00007f167c9e1700
0x00007fff2000bba0:   00007f167c9dfd28 00007f167c9df9d0
0x00007fff2000bbb0:   0000000000000000 00007fff2000c268
0x00007fff2000bbc0:   00007f167c9df700 0000000000002e46
0x00007fff2000bbd0:   00000000000000ca 00007f167bbd498d
0x00007fff2000bbe0:   00007fff2000c1f0 00007f167bbd498b
0x00007fff2000bbf0:   0000000000000246 002b000000000033
0x00007fff2000bc00:   0000000000000000 0000000000000000
0x00007fff2000bc10:   0000000000000000 0000000000000000
0x00007fff2000bc20:   00007fff2000bd00 00007fff2000bcf8
0x00007fff2000bc30:   00007fff2000bce8 00007f1600000000
0x00007fff2000bc40:   0000000000000000 00007fff2000bd00
0x00007fff2000bc50:   0000000000000000 265f5f6600000000
0x00007fff2000bc60:   0000000000000000 0000000000000000 

Instructions: (pc=0x00007f167b53ae32)
0x00007f167b53ae12:   00 48 89 45 c8 31 c0 e8 e2 64 93 ff 44 8b 28 48
0x00007f167b53ae22:   89 c3 48 8d 05 9d c7 64 00 8b 38 e8 5e 67 93 ff
0x00007f167b53ae32:   4c 8b a0 10 01 00 00 41 8b 84 24 a8 00 00 00 83
0x00007f167b53ae42:   f8 01 74 2a 48 8b 45 c8 64 48 33 04 25 28 00 00 

Register to memory mapping:

RAX=0x0000000000000000 is an unknown value
RBX=0x00007f167c9e1698 is an unknown value
RCX=0x00007f167bbd498d: pthread_join+0xbd in /lib/x86_64-linux-gnu/libpthread.so.0 at 0x00007f167bbcc000
RDX=0x00007f167c9e1a20 is an unknown value
RSP=0x00007fff2000ba70 is an unknown value
RBP=0x00007fff2000bb30 is an unknown value
RSI=0x00007fff2000bc70 is an unknown value
RDI=0x0000000000000001 is an unknown value
R8 =0x00000000000000ca is an unknown value
R9 =0x00007f167c9df9d0 is pointing into the stack for thread: 0x00007f167400b000
R10=0x0000000000000000 is an unknown value
R11=0x0000000000000246 is an unknown value
R12=0x00007fff2000c200 is an unknown value
R13=0x0000000000000000 is an unknown value
R14=0x00007fff2000bc70 is an unknown value
R15=0x00007fff2000bb40 is an unknown value


Stack: [0x00007fff1ff14000,0x00007fff20014000],  sp=0x00007fff2000ba70,  free space=990k
Native frames: (J=compiled Java code, j=interpreted, Vv=VM code, C=native code)
V  [libjvm.so+0x8b8e32]
C  [libc.so.6+0x354b0]


---------------  P R O C E S S  ---------------

VM state:not at safepoint (normal execution)

VM Mutex/Monitor currently owned by a thread: None

Heap:
 PSYoungGen      total 9728K, used 696K [0x00000000fab00000, 0x00000000fb580000, 0x0000000100000000)
  eden space 8704K, 8% used [0x00000000fab00000,0x00000000fabae238,0x00000000fb380000)
  from space 1024K, 0% used [0x00000000fb480000,0x00000000fb480000,0x00000000fb580000)
  to   space 1024K, 0% used [0x00000000fb380000,0x00000000fb380000,0x00000000fb480000)
 ParOldGen       total 22016K, used 0K [0x00000000f0000000, 0x00000000f1580000, 0x00000000fab00000)
  object space 22016K, 0% used [0x00000000f0000000,0x00000000f0000000,0x00000000f1580000)
 Metaspace       used 4629K, capacity 4712K, committed 4736K, reserved 1056768K
  class space    used 586K, capacity 616K, committed 640K, reserved 1048576K

Card table byte_map: [0x00007f167c85e000,0x00007f167c8df000] byte_map_base: 0x00007f167c0de000

Marking Bits: (ParMarkBitMap*) 0x00007f167bbaf3a0
 Begin Bits: [0x00007f167838c000, 0x00007f167878c000)
 End Bits:   [0x00007f167878c000, 0x00007f1678b8c000)

Polling page: 0x00007f167ca03000

CodeCache: size=245760Kb used=1083Kb max_used=1083Kb free=244676Kb
 bounds [0x00007f1665000000, 0x00007f1665270000, 0x00007f1674000000]
 total_blobs=248 nmethods=13 adapters=151
 compilation: enabled

Compilation events (10 events):
Event: 0,102 Thread 0x00007f16740be800    9       3       java.util.Arrays::copyOfRange (63 bytes)
Event: 0,103 Thread 0x00007f16740be800 nmethod 9 0x00007f166510cc50 code [0x00007f166510ce60, 0x00007f166510d978]
Event: 0,103 Thread 0x00007f16740be800   13       3       java.lang.String::indexOf (70 bytes)
Event: 0,103 Thread 0x00007f16740be800 nmethod 13 0x00007f166510ded0 code [0x00007f166510e060, 0x00007f166510e3e8]
Event: 0,103 Thread 0x00007f16740be800   10       3       java.lang.String::length (6 bytes)
Event: 0,103 Thread 0x00007f16740be800 nmethod 10 0x00007f166510e510 code [0x00007f166510e680, 0x00007f166510e7d0]
Event: 0,103 Thread 0x00007f16740be800   11       1       java.lang.ref.Reference::get (5 bytes)
Event: 0,103 Thread 0x00007f16740be800 nmethod 11 0x00007f166510a810 code [0x00007f166510a960, 0x00007f166510aa70]
Event: 0,104 Thread 0x00007f16740be800   12       1       java.lang.ThreadLocal::access$400 (5 bytes)
Event: 0,104 Thread 0x00007f16740be800 nmethod 12 0x00007f166510e890 code [0x00007f166510e9e0, 0x00007f166510ead0]

GC Heap History (0 events):
No events

Deoptimization events (0 events):
No events

Classes redefined (0 events):
No events

Internal exceptions (2 events):
Event: 0,014 Thread 0x00007f167400b000 Exception <a 'java/lang/NoSuchMethodError': Method sun.misc.Unsafe.defineClass(Ljava/lang/String;[BII)Ljava/lang/Class; name or signature does not match> (0x00000000fab07cb0) thrown at [/build/openjdk-8-pREaNj/openjdk-8-8u181-b13/src/hotspot/src/share/vm/
Event: 0,014 Thread 0x00007f167400b000 Exception <a 'java/lang/NoSuchMethodError': Method sun.misc.Unsafe.prefetchRead(Ljava/lang/Object;J)V name or signature does not match> (0x00000000fab07f98) thrown at [/build/openjdk-8-pREaNj/openjdk-8-8u181-b13/src/hotspot/src/share/vm/prims/jni.cpp, lin

Events (10 events):
Event: 0,100 loading class java/nio/charset/CoderResult
Event: 0,100 loading class java/nio/charset/CoderResult done
Event: 0,100 loading class java/nio/charset/CoderResult$1
Event: 0,100 loading class java/nio/charset/CoderResult$Cache
Event: 0,100 loading class java/nio/charset/CoderResult$Cache done
Event: 0,100 loading class java/nio/charset/CoderResult$1 done
Event: 0,100 loading class java/nio/charset/CoderResult$2
Event: 0,100 loading class java/nio/charset/CoderResult$2 done
Event: 0,101 loading class java/io/FileInputStream$1
Event: 0,101 loading class java/io/FileInputStream$1 done


Dynamic libraries:
00400000-00401000 r-xp 00000000 08:07 1784007                            /usr/lib/jvm/java-8-openjdk-amd64/jre/bin/java
00600000-00601000 r--p 00000000 08:07 1784007                            /usr/lib/jvm/java-8-openjdk-amd64/jre/bin/java
00601000-00602000 rw-p 00001000 08:07 1784007                            /usr/lib/jvm/java-8-openjdk-amd64/jre/bin/java
00a23000-00a6e000 rw-p 00000000 00:00 0                                  [heap]
f0000000-f1580000 rw-p 00000000 00:00 0 
f1580000-fab00000 ---p 00000000 00:00 0 
fab00000-fb580000 rw-p 00000000 00:00 0 
fb580000-100000000 ---p 00000000 00:00 0 
100000000-1000a0000 rw-p 00000000 00:00 0 
1000a0000-140000000 ---p 00000000 00:00 0 
7f162c000000-7f162c021000 rw-p 00000000 00:00 0 
7f162c021000-7f1630000000 ---p 00000000 00:00 0 
7f1630000000-7f1630021000 rw-p 00000000 00:00 0 
7f1630021000-7f1634000000 ---p 00000000 00:00 0 
7f1634000000-7f1634021000 rw-p 00000000 00:00 0 
7f1634021000-7f1638000000 ---p 00000000 00:00 0 
7f1638000000-7f1638021000 rw-p 00000000 00:00 0 
7f1638021000-7f163c000000 ---p 00000000 00:00 0 
7f163c000000-7f163c021000 rw-p 00000000 00:00 0 
7f163c021000-7f1640000000 ---p 00000000 00:00 0 
7f1640000000-7f164005e000 rw-p 00000000 00:00 0 
7f164005e000-7f1644000000 ---p 00000000 00:00 0 
7f1644000000-7f1644021000 rw-p 00000000 00:00 0 
7f1644021000-7f1648000000 ---p 00000000 00:00 0 
7f1648000000-7f1648021000 rw-p 00000000 00:00 0 
7f1648021000-7f164c000000 ---p 00000000 00:00 0 
7f164c000000-7f164c021000 rw-p 00000000 00:00 0 
7f164c021000-7f1650000000 ---p 00000000 00:00 0 
7f1650000000-7f1650021000 rw-p 00000000 00:00 0 
7f1650021000-7f1654000000 ---p 00000000 00:00 0 
7f1656a77000-7f1656a78000 ---p 00000000 00:00 0 
7f1656a78000-7f1656b78000 rw-p 00000000 00:00 0 
7f1656b78000-7f1656bc4000 r--s 003e8000 08:07 1806997                    /usr/share/java/scala-reflect-2.11.6.jar
7f1656bc4000-7f1656c1c000 r--s 004e7000 08:07 1806995                    /usr/share/java/scala-library-2.11.6.jar
7f1656c1c000-7f1656d16000 r--s 00c88000 08:07 1807009                    /usr/share/java/scala-compiler-2.11.6.jar
7f1656d16000-7f1656d19000 ---p 00000000 00:00 0 
7f1656d19000-7f1656e17000 rw-p 00000000 00:00 0 
7f1656e17000-7f1656e1a000 ---p 00000000 00:00 0 
7f1656e1a000-7f1656f18000 rw-p 00000000 00:00 0 
7f1656f18000-7f1656f1b000 ---p 00000000 00:00 0 
7f1656f1b000-7f1657019000 rw-p 00000000 00:00 0 
7f1657019000-7f165701c000 ---p 00000000 00:00 0 
7f165701c000-7f165711a000 rw-p 00000000 00:00 0 
7f165711a000-7f165711d000 ---p 00000000 00:00 0 
7f165711d000-7f165721b000 rw-p 00000000 00:00 0 
7f165721b000-7f16574f5000 r--p 00000000 08:07 1731925                    /usr/lib/locale/locale-archive
7f16574f5000-7f16574f8000 ---p 00000000 00:00 0 
7f16574f8000-7f16575f6000 rw-p 00000000 00:00 0 
7f16575f6000-7f16575f9000 ---p 00000000 00:00 0 
7f16575f9000-7f16576f7000 rw-p 00000000 00:00 0 
7f16576f7000-7f16576f8000 ---p 00000000 00:00 0 
7f16576f8000-7f1658000000 rw-p 00000000 00:00 0 
7f1658000000-7f1658021000 rw-p 00000000 00:00 0 
7f1658021000-7f165c000000 ---p 00000000 00:00 0 
7f165c000000-7f165c021000 rw-p 00000000 00:00 0 
7f165c021000-7f1660000000 ---p 00000000 00:00 0 
7f1660000000-7f1660021000 rw-p 00000000 00:00 0 
7f1660021000-7f1664000000 ---p 00000000 00:00 0 
7f1664000000-7f166400a000 r--s 00096000 08:07 1807006                    /usr/share/java/scala-xml_2.11-1.0.3.jar
7f166400a000-7f166401b000 r--s 000ab000 08:07 1807008                    /usr/share/java/scalap-2.11.6.jar
7f166401b000-7f1664026000 r--s 0005d000 08:07 1807004                    /usr/share/java/scala-parser-combinators_2.11-1.0.3.jar
7f1664026000-7f1664c00000 rw-p 00000000 00:00 0 
7f1664c00000-7f1665000000 ---p 00000000 00:00 0 
7f1665000000-7f1665270000 rwxp 00000000 00:00 0 
7f1665270000-7f1674000000 ---p 00000000 00:00 0 
7f1674000000-7f1674203000 rw-p 00000000 00:00 0 
7f1674203000-7f1678000000 ---p 00000000 00:00 0 
7f1678002000-7f1678044000 rw-p 00000000 00:00 0 
7f1678044000-7f1678213000 r--s 03c32000 08:07 1775790                    /usr/lib/jvm/java-8-openjdk-amd64/jre/lib/rt.jar
7f1678213000-7f1678b8c000 rw-p 00000000 00:00 0 
7f1678b8c000-7f1678b8d000 ---p 00000000 00:00 0 
7f1678b8d000-7f1678c8d000 rw-p 00000000 00:00 0 
7f1678c8d000-7f1678c8e000 ---p 00000000 00:00 0 
7f1678c8e000-7f1678d8e000 rw-p 00000000 00:00 0 
7f1678d8e000-7f1678d8f000 ---p 00000000 00:00 0 
7f1678d8f000-7f1678e8f000 rw-p 00000000 00:00 0 
7f1678e8f000-7f1678e90000 ---p 00000000 00:00 0 
7f1678e90000-7f1678f9a000 rw-p 00000000 00:00 0 
7f1678f9a000-7f1679350000 ---p 00000000 00:00 0 
7f1679350000-7f1679358000 r-xp 00000000 08:07 1775830                    /usr/lib/jvm/java-8-openjdk-amd64/jre/lib/amd64/libzip.so
7f1679358000-7f1679557000 ---p 00008000 08:07 1775830                    /usr/lib/jvm/java-8-openjdk-amd64/jre/lib/amd64/libzip.so
7f1679557000-7f1679558000 r--p 00007000 08:07 1775830                    /usr/lib/jvm/java-8-openjdk-amd64/jre/lib/amd64/libzip.so
7f1679558000-7f1679559000 rw-p 00008000 08:07 1775830                    /usr/lib/jvm/java-8-openjdk-amd64/jre/lib/amd64/libzip.so
7f1679559000-7f1679564000 r-xp 00000000 08:07 298964                     /lib/x86_64-linux-gnu/libnss_files-2.23.so
7f1679564000-7f1679763000 ---p 0000b000 08:07 298964                     /lib/x86_64-linux-gnu/libnss_files-2.23.so
7f1679763000-7f1679764000 r--p 0000a000 08:07 298964                     /lib/x86_64-linux-gnu/libnss_files-2.23.so
7f1679764000-7f1679765000 rw-p 0000b000 08:07 298964                     /lib/x86_64-linux-gnu/libnss_files-2.23.so
7f1679765000-7f167976b000 rw-p 00000000 00:00 0 
7f167976b000-7f1679776000 r-xp 00000000 08:07 298968                     /lib/x86_64-linux-gnu/libnss_nis-2.23.so
7f1679776000-7f1679975000 ---p 0000b000 08:07 298968                     /lib/x86_64-linux-gnu/libnss_nis-2.23.so
7f1679975000-7f1679976000 r--p 0000a000 08:07 298968                     /lib/x86_64-linux-gnu/libnss_nis-2.23.so
7f1679976000-7f1679977000 rw-p 0000b000 08:07 298968                     /lib/x86_64-linux-gnu/libnss_nis-2.23.so
7f1679977000-7f167998d000 r-xp 00000000 08:07 295514                     /lib/x86_64-linux-gnu/libnsl-2.23.so
7f167998d000-7f1679b8c000 ---p 00016000 08:07 295514                     /lib/x86_64-linux-gnu/libnsl-2.23.so
7f1679b8c000-7f1679b8d000 r--p 00015000 08:07 295514                     /lib/x86_64-linux-gnu/libnsl-2.23.so
7f1679b8d000-7f1679b8e000 rw-p 00016000 08:07 295514                     /lib/x86_64-linux-gnu/libnsl-2.23.so
7f1679b8e000-7f1679b90000 rw-p 00000000 00:00 0 
7f1679b90000-7f1679b98000 r-xp 00000000 08:07 298959                     /lib/x86_64-linux-gnu/libnss_compat-2.23.so
7f1679b98000-7f1679d97000 ---p 00008000 08:07 298959                     /lib/x86_64-linux-gnu/libnss_compat-2.23.so
7f1679d97000-7f1679d98000 r--p 00007000 08:07 298959                     /lib/x86_64-linux-gnu/libnss_compat-2.23.so
7f1679d98000-7f1679d99000 rw-p 00008000 08:07 298959                     /lib/x86_64-linux-gnu/libnss_compat-2.23.so
7f1679d99000-7f1679dc6000 r-xp 00000000 08:07 1775848                    /usr/lib/jvm/java-8-openjdk-amd64/jre/lib/amd64/libjava.so
7f1679dc6000-7f1679fc5000 ---p 0002d000 08:07 1775848                    /usr/lib/jvm/java-8-openjdk-amd64/jre/lib/amd64/libjava.so
7f1679fc5000-7f1679fc6000 r--p 0002c000 08:07 1775848                    /usr/lib/jvm/java-8-openjdk-amd64/jre/lib/amd64/libjava.so
7f1679fc6000-7f1679fc8000 rw-p 0002d000 08:07 1775848                    /usr/lib/jvm/java-8-openjdk-amd64/jre/lib/amd64/libjava.so
7f1679fc8000-7f1679fd7000 r-xp 00000000 08:07 1775836                    /usr/lib/jvm/java-8-openjdk-amd64/jre/lib/amd64/libverify.so
7f1679fd7000-7f167a1d6000 ---p 0000f000 08:07 1775836                    /usr/lib/jvm/java-8-openjdk-amd64/jre/lib/amd64/libverify.so
7f167a1d6000-7f167a1d8000 r--p 0000e000 08:07 1775836                    /usr/lib/jvm/java-8-openjdk-amd64/jre/lib/amd64/libverify.so
7f167a1d8000-7f167a1d9000 rw-p 00010000 08:07 1775836                    /usr/lib/jvm/java-8-openjdk-amd64/jre/lib/amd64/libverify.so
7f167a1d9000-7f167a1e0000 r-xp 00000000 08:07 298969                     /lib/x86_64-linux-gnu/librt-2.23.so
7f167a1e0000-7f167a3df000 ---p 00007000 08:07 298969                     /lib/x86_64-linux-gnu/librt-2.23.so
7f167a3df000-7f167a3e0000 r--p 00006000 08:07 298969                     /lib/x86_64-linux-gnu/librt-2.23.so
7f167a3e0000-7f167a3e1000 rw-p 00007000 08:07 298969                     /lib/x86_64-linux-gnu/librt-2.23.so
7f167a3e1000-7f167a3f7000 r-xp 00000000 08:07 298688                     /lib/x86_64-linux-gnu/libgcc_s.so.1
7f167a3f7000-7f167a5f6000 ---p 00016000 08:07 298688                     /lib/x86_64-linux-gnu/libgcc_s.so.1
7f167a5f6000-7f167a5f7000 rw-p 00015000 08:07 298688                     /lib/x86_64-linux-gnu/libgcc_s.so.1
7f167a5f7000-7f167a6ff000 r-xp 00000000 08:07 295503                     /lib/x86_64-linux-gnu/libm-2.23.so
7f167a6ff000-7f167a8fe000 ---p 00108000 08:07 295503                     /lib/x86_64-linux-gnu/libm-2.23.so
7f167a8fe000-7f167a8ff000 r--p 00107000 08:07 295503                     /lib/x86_64-linux-gnu/libm-2.23.so
7f167a8ff000-7f167a900000 rw-p 00108000 08:07 295503                     /lib/x86_64-linux-gnu/libm-2.23.so
7f167a900000-7f167aa72000 r-xp 00000000 08:07 1733072                    /usr/lib/x86_64-linux-gnu/libstdc++.so.6.0.21
7f167aa72000-7f167ac72000 ---p 00172000 08:07 1733072                    /usr/lib/x86_64-linux-gnu/libstdc++.so.6.0.21
7f167ac72000-7f167ac7c000 r--p 00172000 08:07 1733072                    /usr/lib/x86_64-linux-gnu/libstdc++.so.6.0.21
7f167ac7c000-7f167ac7e000 rw-p 0017c000 08:07 1733072                    /usr/lib/x86_64-linux-gnu/libstdc++.so.6.0.21
7f167ac7e000-7f167ac82000 rw-p 00000000 00:00 0 
7f167ac82000-7f167b8df000 r-xp 00000000 08:07 1775813                    /usr/lib/jvm/java-8-openjdk-amd64/jre/lib/amd64/server/libjvm.so
7f167b8df000-7f167badf000 ---p 00c5d000 08:07 1775813                    /usr/lib/jvm/java-8-openjdk-amd64/jre/lib/amd64/server/libjvm.so
7f167badf000-7f167bb73000 r--p 00c5d000 08:07 1775813                    /usr/lib/jvm/java-8-openjdk-amd64/jre/lib/amd64/server/libjvm.so
7f167bb73000-7f167bb9c000 rw-p 00cf1000 08:07 1775813                    /usr/lib/jvm/java-8-openjdk-amd64/jre/lib/amd64/server/libjvm.so
7f167bb9c000-7f167bbcc000 rw-p 00000000 00:00 0 
7f167bbcc000-7f167bbe4000 r-xp 00000000 08:07 298772                     /lib/x86_64-linux-gnu/libpthread-2.23.so
7f167bbe4000-7f167bde3000 ---p 00018000 08:07 298772                     /lib/x86_64-linux-gnu/libpthread-2.23.so
7f167bde3000-7f167bde4000 r--p 00017000 08:07 298772                     /lib/x86_64-linux-gnu/libpthread-2.23.so
7f167bde4000-7f167bde5000 rw-p 00018000 08:07 298772                     /lib/x86_64-linux-gnu/libpthread-2.23.so
7f167bde5000-7f167bde9000 rw-p 00000000 00:00 0 
7f167bde9000-7f167bdec000 r-xp 00000000 08:07 298953                     /lib/x86_64-linux-gnu/libdl-2.23.so
7f167bdec000-7f167bfeb000 ---p 00003000 08:07 298953                     /lib/x86_64-linux-gnu/libdl-2.23.so
7f167bfeb000-7f167bfec000 r--p 00002000 08:07 298953                     /lib/x86_64-linux-gnu/libdl-2.23.so
7f167bfec000-7f167bfed000 rw-p 00003000 08:07 298953                     /lib/x86_64-linux-gnu/libdl-2.23.so
7f167bfed000-7f167c006000 r-xp 00000000 08:07 298841                     /lib/x86_64-linux-gnu/libz.so.1.2.8
7f167c006000-7f167c205000 ---p 00019000 08:07 298841                     /lib/x86_64-linux-gnu/libz.so.1.2.8
7f167c205000-7f167c206000 r--p 00018000 08:07 298841                     /lib/x86_64-linux-gnu/libz.so.1.2.8
7f167c206000-7f167c207000 rw-p 00019000 08:07 298841                     /lib/x86_64-linux-gnu/libz.so.1.2.8
7f167c207000-7f167c3c7000 r-xp 00000000 08:07 298951                     /lib/x86_64-linux-gnu/libc-2.23.so
7f167c3c7000-7f167c5c7000 ---p 001c0000 08:07 298951                     /lib/x86_64-linux-gnu/libc-2.23.so
7f167c5c7000-7f167c5cb000 r--p 001c0000 08:07 298951                     /lib/x86_64-linux-gnu/libc-2.23.so
7f167c5cb000-7f167c5cd000 rw-p 001c4000 08:07 298951                     /lib/x86_64-linux-gnu/libc-2.23.so
7f167c5cd000-7f167c5d1000 rw-p 00000000 00:00 0 
7f167c5d1000-7f167c5de000 r-xp 00000000 08:07 1775833                    /usr/lib/jvm/java-8-openjdk-amd64/jre/lib/amd64/jli/libjli.so
7f167c5de000-7f167c7de000 ---p 0000d000 08:07 1775833                    /usr/lib/jvm/java-8-openjdk-amd64/jre/lib/amd64/jli/libjli.so
7f167c7de000-7f167c7df000 r--p 0000d000 08:07 1775833                    /usr/lib/jvm/java-8-openjdk-amd64/jre/lib/amd64/jli/libjli.so
7f167c7df000-7f167c7e0000 rw-p 0000e000 08:07 1775833                    /usr/lib/jvm/java-8-openjdk-amd64/jre/lib/amd64/jli/libjli.so
7f167c7e0000-7f167c806000 r-xp 00000000 08:07 298771                     /lib/x86_64-linux-gnu/ld-2.23.so
7f167c808000-7f167c813000 rw-p 00000000 00:00 0 
7f167c813000-7f167c85e000 ---p 00000000 00:00 0 
7f167c85e000-7f167c869000 rw-p 00000000 00:00 0 
7f167c869000-7f167c8b3000 ---p 00000000 00:00 0 
7f167c8b3000-7f167c8b9000 rw-p 00000000 00:00 0 
7f167c8b9000-7f167c8de000 ---p 00000000 00:00 0 
7f167c8de000-7f167c8df000 rw-p 00000000 00:00 0 
7f167c8df000-7f167c8e2000 ---p 00000000 00:00 0 
7f167c8e2000-7f167c9e4000 rw-p 00000000 00:00 0 
7f167c9e9000-7f167c9f1000 r--s 0006b000 08:07 1806996                    /usr/share/java/scala-actors-2.11.6.jar
7f167c9f1000-7f167c9f3000 r--s 00019000 08:07 1806993                    /usr/share/java/jline2.jar
7f167c9f3000-7f167c9f4000 r--s 00005000 08:07 1806990                    /usr/share/java/jansi-1.4.jar
7f167c9f4000-7f167c9f5000 r--s 00003000 08:07 1806984                    /usr/share/java/hawtjni-runtime-1.10.jar
7f167c9f5000-7f167c9fa000 rw-p 00000000 00:00 0 
7f167c9fa000-7f167ca02000 rw-s 00000000 08:07 2071718                    /tmp/hsperfdata_anto/11845
7f167ca02000-7f167ca03000 rw-p 00000000 00:00 0 
7f167ca03000-7f167ca04000 r--p 00000000 00:00 0 
7f167ca04000-7f167ca05000 rw-p 00000000 00:00 0 
7f167ca05000-7f167ca06000 r--p 00025000 08:07 298771                     /lib/x86_64-linux-gnu/ld-2.23.so
7f167ca06000-7f167ca07000 rw-p 00026000 08:07 298771                     /lib/x86_64-linux-gnu/ld-2.23.so
7f167ca07000-7f167ca08000 rw-p 00000000 00:00 0 
7fff1fff2000-7fff20014000 rw-p 00000000 00:00 0                          [stack]
7fff20182000-7fff20184000 r--p 00000000 00:00 0                          [vvar]
7fff20184000-7fff20186000 r-xp 00000000 00:00 0                          [vdso]
ffffffffff600000-ffffffffff601000 r-xp 00000000 00:00 0                  [vsyscall]

VM Arguments:
jvm_args: -Xmx256M -Xms32M -Xbootclasspath/a:/usr/share/scala-2.11/lib/hawtjni-runtime.jar:/usr/share/scala-2.11/lib/jansi.jar:/usr/share/scala-2.11/lib/jline.jar:/usr/share/scala-2.11/lib/scala-actors.jar:/usr/share/scala-2.11/lib/scala-compiler.jar:/usr/share/scala-2.11/lib/scala-library.jar:/usr/share/scala-2.11/lib/scala-parser-combinators.jar:/usr/share/scala-2.11/lib/scalap.jar:/usr/share/scala-2.11/lib/scala-reflect.jar:/usr/share/scala-2.11/lib/scala-xml.jar -Dscala.home=/usr/share/scala-2.11 -Dscala.usejavacp=true -Denv.emacs= 
java_command: scala.tools.nsc.MainGenericRunner main.scala ciaoooo
java_class_path (initial): ""
Launcher Type: SUN_STANDARD

Environment Variables:
PATH=/usr/local/lib/node_modules/npm/node_modules/npm-lifecycle/node-gyp-bin:/home/anto/Scrivania/Scalable And Cloud Programming/ScalaProject/node_modules/.bin:/home/anto/miniconda3/bin:/home/anto/miniconda3/bin:/home/anto/bin:/home/anto/.local/bin:/usr/local/sbin:/usr/local/bin:/usr/sbin:/usr/bin:/sbin:/bin:/usr/games:/usr/local/games
SHELL=/bin/bash
DISPLAY=:0

Signal Handlers:
SIGSEGV: [libjvm.so+0xa71a30], sa_mask[0]=11111111011111111101111111111110, sa_flags=SA_RESTART|SA_SIGINFO
SIGBUS: [libjvm.so+0xa71a30], sa_mask[0]=11111111011111111101111111111110, sa_flags=SA_RESTART|SA_SIGINFO
SIGFPE: [libjvm.so+0x8b8f40], sa_mask[0]=11111111011111111101111111111110, sa_flags=SA_RESTART|SA_SIGINFO
SIGPIPE: [libjvm.so+0x8b8f40], sa_mask[0]=11111111011111111101111111111110, sa_flags=SA_RESTART|SA_SIGINFO
SIGXFSZ: [libjvm.so+0x8b8f40], sa_mask[0]=11111111011111111101111111111110, sa_flags=SA_RESTART|SA_SIGINFO
SIGILL: [libjvm.so+0x8b8f40], sa_mask[0]=11111111011111111101111111111110, sa_flags=SA_RESTART|SA_SIGINFO
SIGUSR1: SIG_DFL, sa_mask[0]=00000000000000000000000000000000, sa_flags=none
SIGUSR2: [libjvm.so+0x8b8df0], sa_mask[0]=00000000000000000000000000000000, sa_flags=SA_RESTART|SA_SIGINFO
SIGHUP: [libjvm.so+0x8b92c0], sa_mask[0]=11111111011111111101111111111110, sa_flags=SA_RESTART|SA_SIGINFO
SIGINT: [libjvm.so+0x8b92c0], sa_mask[0]=11111111011111111101111111111110, sa_flags=SA_RESTART|SA_SIGINFO
SIGTERM: [libjvm.so+0x8b92c0], sa_mask[0]=11111111011111111101111111111110, sa_flags=SA_RESTART|SA_SIGINFO
SIGQUIT: [libjvm.so+0x8b92c0], sa_mask[0]=11111111011111111101111111111110, sa_flags=SA_RESTART|SA_SIGINFO


---------------  S Y S T E M  ---------------

OS:DISTRIB_ID=LinuxMint
DISTRIB_RELEASE=18.2
DISTRIB_CODENAME=sonya
DISTRIB_DESCRIPTION="Linux Mint 18.2 Sonya"

uname:Linux 4.8.0-53-generic #56~16.04.1-Ubuntu SMP Tue May 16 01:18:56 UTC 2017 x86_64
libc:glibc 2.23 NPTL 2.23 
rlimit: STACK 8192k, CORE 0k, NPROC 15003, NOFILE 1048576, AS infinity
load average:1,07 0,87 0,71

/proc/meminfo:
MemTotal:        3932888 kB
MemFree:          271748 kB
MemAvailable:    1291712 kB
Buffers:           70036 kB
Cached:          1311888 kB
SwapCached:         3732 kB
Active:          2152388 kB
Inactive:        1230960 kB
Active(anon):    1604700 kB
Inactive(anon):   594272 kB
Active(file):     547688 kB
Inactive(file):   636688 kB
Unevictable:         260 kB
Mlocked:             260 kB
SwapTotal:       4080636 kB
SwapFree:        4010108 kB
Dirty:               148 kB
Writeback:             0 kB
AnonPages:       1951540 kB
Mapped:           389632 kB
Shmem:            197548 kB
Slab:             136152 kB
SReclaimable:      89308 kB
SUnreclaim:        46844 kB
KernelStack:       12768 kB
PageTables:        56308 kB
NFS_Unstable:          0 kB
Bounce:                0 kB
WritebackTmp:          0 kB
CommitLimit:     6047080 kB
Committed_AS:    8160156 kB
VmallocTotal:   34359738367 kB
VmallocUsed:           0 kB
VmallocChunk:          0 kB
HardwareCorrupted:     0 kB
AnonHugePages:    518144 kB
ShmemHugePages:        0 kB
ShmemPmdMapped:        0 kB
CmaTotal:              0 kB
CmaFree:               0 kB
HugePages_Total:       0
HugePages_Free:        0
HugePages_Rsvd:        0
HugePages_Surp:        0
Hugepagesize:       2048 kB
DirectMap4k:      204436 kB
DirectMap2M:     3876864 kB
DirectMap1G:     1048576 kB


CPU:total 4 (initial active 4) (2 cores per cpu, 2 threads per core) family 6 model 78 stepping 3, cmov, cx8, fxsr, mmx, sse, sse2, sse3, ssse3, sse4.1, sse4.2, popcnt, avx, avx2, aes, clmul, erms, 3dnowpref, lzcnt, ht, tsc, tscinvbit, bmi1, bmi2, adx

/proc/cpuinfo:
processor	: 0
vendor_id	: GenuineIntel
cpu family	: 6
model		: 78
model name	: Intel(R) Core(TM) i7-6500U CPU @ 2.50GHz
stepping	: 3
microcode	: 0xc6
cpu MHz		: 2782.653
cache size	: 4096 KB
physical id	: 0
siblings	: 4
core id		: 0
cpu cores	: 2
apicid		: 0
initial apicid	: 0
fpu		: yes
fpu_exception	: yes
cpuid level	: 22
wp		: yes
flags		: fpu vme de pse tsc msr pae mce cx8 apic sep mtrr pge mca cmov pat pse36 clflush dts acpi mmx fxsr sse sse2 ss ht tm pbe syscall nx pdpe1gb rdtscp lm constant_tsc art arch_perfmon pebs bts rep_good nopl xtopology nonstop_tsc aperfmperf eagerfpu pni pclmulqdq dtes64 monitor ds_cpl vmx est tm2 ssse3 sdbg fma cx16 xtpr pdcm pcid sse4_1 sse4_2 x2apic movbe popcnt tsc_deadline_timer aes xsave avx f16c rdrand lahf_lm abm 3dnowprefetch epb intel_pt tpr_shadow vnmi flexpriority ept vpid fsgsbase tsc_adjust bmi1 avx2 smep bmi2 erms invpcid mpx rdseed adx smap clflushopt xsaveopt xsavec xgetbv1 xsaves dtherm ida arat pln pts hwp hwp_notify hwp_act_window hwp_epp
bugs		:
bogomips	: 5184.00
clflush size	: 64
cache_alignment	: 64
address sizes	: 39 bits physical, 48 bits virtual
power management:

processor	: 1
vendor_id	: GenuineIntel
cpu family	: 6
model		: 78
model name	: Intel(R) Core(TM) i7-6500U CPU @ 2.50GHz
stepping	: 3
microcode	: 0xc6
cpu MHz		: 2776.782
cache size	: 4096 KB
physical id	: 0
siblings	: 4
core id		: 1
cpu cores	: 2
apicid		: 2
initial apicid	: 2
fpu		: yes
fpu_exception	: yes
cpuid level	: 22
wp		: yes
flags		: fpu vme de pse tsc msr pae mce cx8 apic sep mtrr pge mca cmov pat pse36 clflush dts acpi mmx fxsr sse sse2 ss ht tm pbe syscall nx pdpe1gb rdtscp lm constant_tsc art arch_perfmon pebs bts rep_good nopl xtopology nonstop_tsc aperfmperf eagerfpu pni pclmulqdq dtes64 monitor ds_cpl vmx est tm2 ssse3 sdbg fma cx16 xtpr pdcm pcid sse4_1 sse4_2 x2apic movbe popcnt tsc_deadline_timer aes xsave avx f16c rdrand lahf_lm abm 3dnowprefetch epb intel_pt tpr_shadow vnmi flexpriority ept vpid fsgsbase tsc_adjust bmi1 avx2 smep bmi2 erms invpcid mpx rdseed adx smap clflushopt xsaveopt xsavec xgetbv1 xsaves dtherm ida arat pln pts hwp hwp_notify hwp_act_window hwp_epp
bugs		:
bogomips	: 5184.00
clflush size	: 64
cache_alignment	: 64
address sizes	: 39 bits physical, 48 bits virtual
power management:

processor	: 2
vendor_id	: GenuineIntel
cpu family	: 6
model		: 78
model name	: Intel(R) Core(TM) i7-6500U CPU @ 2.50GHz
stepping	: 3
microcode	: 0xc6
cpu MHz		: 2791.223
cache size	: 4096 KB
physical id	: 0
siblings	: 4
core id		: 0
cpu cores	: 2
apicid		: 1
initial apicid	: 1
fpu		: yes
fpu_exception	: yes
cpuid level	: 22
wp		: yes
flags		: fpu vme de pse tsc msr pae mce cx8 apic sep mtrr pge mca cmov pat pse36 clflush dts acpi mmx fxsr sse sse2 ss ht tm pbe syscall nx pdpe1gb rdtscp lm constant_tsc art arch_perfmon pebs bts rep_good nopl xtopology nonstop_tsc aperfmperf eagerfpu pni pclmulqdq dtes64 monitor ds_cpl vmx est tm2 ssse3 sdbg fma cx16 xtpr pdcm pcid sse4_1 sse4_2 x2apic movbe popcnt tsc_deadline_timer aes xsave avx f16c rdrand lahf_lm abm 3dnowprefetch epb intel_pt tpr_shadow vnmi flexpriority ept vpid fsgsbase tsc_adjust bmi1 avx2 smep bmi2 erms invpcid mpx rdseed adx smap clflushopt xsaveopt xsavec xgetbv1 xsaves dtherm ida arat pln pts hwp hwp_notify hwp_act_window hwp_epp
bugs		:
bogomips	: 5184.00
clflush size	: 64
cache_alignment	: 64
address sizes	: 39 bits physical, 48 bits virtual
power management:

processor	: 3
vendor_id	: GenuineIntel
cpu family	: 6
model		: 78
model name	: Intel(R) Core(TM) i7-6500U CPU @ 2.50GHz
stepping	: 3
microcode	: 0xc6
cpu MHz		: 2806.774
cache size	: 4096 KB
physical id	: 0
siblings	: 4
core id		: 1
cpu cores	: 2
apicid		: 3
initial apicid	: 3
fpu		: yes
fpu_exception	: yes
cpuid level	: 22
wp		: yes
flags		: fpu vme de pse tsc msr pae mce cx8 apic sep mtrr pge mca cmov pat pse36 clflush dts acpi mmx fxsr sse sse2 ss ht tm pbe syscall nx pdpe1gb rdtscp lm constant_tsc art arch_perfmon pebs bts rep_good nopl xtopology nonstop_tsc aperfmperf eagerfpu pni pclmulqdq dtes64 monitor ds_cpl vmx est tm2 ssse3 sdbg fma cx16 xtpr pdcm pcid sse4_1 sse4_2 x2apic movbe popcnt tsc_deadline_timer aes xsave avx f16c rdrand lahf_lm abm 3dnowprefetch epb intel_pt tpr_shadow vnmi flexpriority ept vpid fsgsbase tsc_adjust bmi1 avx2 smep bmi2 erms invpcid mpx rdseed adx smap clflushopt xsaveopt xsavec xgetbv1 xsaves dtherm ida arat pln pts hwp hwp_notify hwp_act_window hwp_epp
bugs		:
bogomips	: 5184.00
clflush size	: 64
cache_alignment	: 64
address sizes	: 39 bits physical, 48 bits virtual
power management:



Memory: 4k page, physical 3932888k(271624k free), swap 4080636k(4010108k free)

vm_info: OpenJDK 64-Bit Server VM (25.181-b13) for linux-amd64 JRE (1.8.0_181-8u181-b13-0ubuntu0.16.04.1-b13), built on Jul 30 2018 21:06:27 by "buildd" with gcc 5.4.0 20160609

time: Sat Dec 22 21:11:04 2018
elapsed time: 0 seconds (0d 0h 0m 0s)

